<?xml version="1.0" encoding="UTF-8" ?>
<testsuite tests="1" failures="0" name="WordCountTaskTest" time="12.869" errors="1" skipped="0">
  <properties>
[...]
</properties>
  <testcase classname="WordCountTaskTest" name="test" time="12.869">
    <error message="Input path does not exist: file:/C:/Users/kandhasamyr/OneDrive%20-%20CNSI/ICARE/WORKSPACE/ICARE_COM/target/test-classes/loremipsum.txt" type="org.apache.hadoop.mapred.InvalidInputException">org.apache.hadoop.mapred.InvalidInputException: Input path does not exist: file:/C:/Users/kandhasamyr/OneDrive%20-%20CNSI/ICARE/WORKSPACE/ICARE_COM/target/test-classes/loremipsum.txt
	at org.apache.hadoop.mapred.FileInputFormat.singleThreadedListStatus(FileInputFormat.java:285)
	at org.apache.hadoop.mapred.FileInputFormat.listStatus(FileInputFormat.java:228)
	at org.apache.hadoop.mapred.FileInputFormat.getSplits(FileInputFormat.java:313)
	at org.apache.spark.rdd.HadoopRDD.getPartitions(HadoopRDD.scala:194)
	at org.apache.spark.rdd.RDD$$anonfun$partitions$2.apply(RDD.scala:252)
	at org.apache.spark.rdd.RDD$$anonfun$partitions$2.apply(RDD.scala:250)
	at scala.Option.getOrElse(Option.scala:121)
	at org.apache.spark.rdd.RDD.partitions(RDD.scala:250)
	at org.apache.spark.rdd.MapPartitionsRDD.getPartitions(MapPartitionsRDD.scala:35)
	at org.apache.spark.rdd.RDD$$anonfun$partitions$2.apply(RDD.scala:252)
	at org.apache.spark.rdd.RDD$$anonfun$partitions$2.apply(RDD.scala:250)
	at scala.Option.getOrElse(Option.scala:121)
	at org.apache.spark.rdd.RDD.partitions(RDD.scala:250)
	at org.apache.spark.rdd.MapPartitionsRDD.getPartitions(MapPartitionsRDD.scala:35)
	at org.apache.spark.rdd.RDD$$anonfun$partitions$2.apply(RDD.scala:252)
	at org.apache.spark.rdd.RDD$$anonfun$partitions$2.apply(RDD.scala:250)
	at scala.Option.getOrElse(Option.scala:121)
	at org.apache.spark.rdd.RDD.partitions(RDD.scala:250)
	at org.apache.spark.rdd.MapPartitionsRDD.getPartitions(MapPartitionsRDD.scala:35)
	at org.apache.spark.rdd.RDD$$anonfun$partitions$2.apply(RDD.scala:252)
	at org.apache.spark.rdd.RDD$$anonfun$partitions$2.apply(RDD.scala:250)
	at scala.Option.getOrElse(Option.scala:121)
	at org.apache.spark.rdd.RDD.partitions(RDD.scala:250)
	at org.apache.spark.Partitioner$$anonfun$defaultPartitioner$2.apply(Partitioner.scala:66)
	at org.apache.spark.Partitioner$$anonfun$defaultPartitioner$2.apply(Partitioner.scala:66)
	at scala.collection.TraversableLike$$anonfun$map$1.apply(TraversableLike.scala:234)
	at scala.collection.TraversableLike$$anonfun$map$1.apply(TraversableLike.scala:234)
	at scala.collection.immutable.List.foreach(List.scala:381)
	at scala.collection.TraversableLike$class.map(TraversableLike.scala:234)
	at scala.collection.immutable.List.map(List.scala:285)
	at org.apache.spark.Partitioner$.defaultPartitioner(Partitioner.scala:66)
	at org.apache.spark.api.java.JavaPairRDD.reduceByKey(JavaPairRDD.scala:547)
	at org.sparkexample.WordCountTask.run(WordCountTask.java:57)
	at WordCountTaskTest.test(WordCountTaskTest.java:10)
	at sun.reflect.NativeMethodAccessorImpl.invoke0(Native Method)
	at sun.reflect.NativeMethodAccessorImpl.invoke(NativeMethodAccessorImpl.java:62)
	at sun.reflect.DelegatingMethodAccessorImpl.invoke(DelegatingMethodAccessorImpl.java:43)
	at java.lang.reflect.Method.invoke(Method.java:498)
	at org.junit.runners.model.FrameworkMethod$1.runReflectiveCall(FrameworkMethod.java:50)
	at org.junit.internal.runners.model.ReflectiveCallable.run(ReflectiveCallable.java:12)
	at org.junit.runners.model.FrameworkMethod.invokeExplosively(FrameworkMethod.java:47)
	at org.junit.internal.runners.statements.InvokeMethod.evaluate(InvokeMethod.java:17)
	at org.junit.runners.ParentRunner.runLeaf(ParentRunner.java:325)
	at org.junit.runners.BlockJUnit4ClassRunner.runChild(BlockJUnit4ClassRunner.java:78)
	at org.junit.runners.BlockJUnit4ClassRunner.runChild(BlockJUnit4ClassRunner.java:57)
	at org.junit.runners.ParentRunner$3.run(ParentRunner.java:290)
	at org.junit.runners.ParentRunner$1.schedule(ParentRunner.java:71)
	at org.junit.runners.ParentRunner.runChildren(ParentRunner.java:288)
	at org.junit.runners.ParentRunner.access$000(ParentRunner.java:58)
	at org.junit.runners.ParentRunner$2.evaluate(ParentRunner.java:268)
	at org.junit.runners.ParentRunner.run(ParentRunner.java:363)
	at org.apache.maven.surefire.junit4.JUnit4Provider.execute(JUnit4Provider.java:252)
	at org.apache.maven.surefire.junit4.JUnit4Provider.executeTestSet(JUnit4Provider.java:141)
	at org.apache.maven.surefire.junit4.JUnit4Provider.invoke(JUnit4Provider.java:112)
	at sun.reflect.NativeMethodAccessorImpl.invoke0(Native Method)
	at sun.reflect.NativeMethodAccessorImpl.invoke(NativeMethodAccessorImpl.java:62)
	at sun.reflect.DelegatingMethodAccessorImpl.invoke(DelegatingMethodAccessorImpl.java:43)
	at java.lang.reflect.Method.invoke(Method.java:498)
	at org.apache.maven.surefire.util.ReflectionUtils.invokeMethodWithArray(ReflectionUtils.java:189)
	at org.apache.maven.surefire.booter.ProviderFactory$ProviderProxy.invoke(ProviderFactory.java:165)
	at org.apache.maven.surefire.booter.ProviderFactory.invokeProvider(ProviderFactory.java:85)
	at org.apache.maven.surefire.booter.ForkedBooter.runSuitesInProcess(ForkedBooter.java:115)
	at org.apache.maven.surefire.booter.ForkedBooter.main(ForkedBooter.java:75)
</error>
    <system-err>Using Spark&apos;s default log4j profile: org/apache/spark/log4j-defaults.properties
17/09/09 22:40:30 INFO SparkContext: Running Spark version 2.2.0
17/09/09 22:40:31 WARN NativeCodeLoader: Unable to load native-hadoop library for your platform... using builtin-java classes where applicable
17/09/09 22:40:32 INFO SparkContext: Submitted application: org.sparkexample.WordCountTask
17/09/09 22:40:32 INFO SecurityManager: Changing view acls to: kandhasamyr
17/09/09 22:40:32 INFO SecurityManager: Changing modify acls to: kandhasamyr
17/09/09 22:40:32 INFO SecurityManager: Changing view acls groups to: 
17/09/09 22:40:32 INFO SecurityManager: Changing modify acls groups to: 
17/09/09 22:40:32 INFO SecurityManager: SecurityManager: authentication disabled; ui acls disabled; users  with view permissions: Set(kandhasamyr); groups with view permissions: Set(); users  with modify permissions: Set(kandhasamyr); groups with modify permissions: Set()
17/09/09 22:40:35 INFO Utils: Successfully started service &apos;sparkDriver&apos; on port 50175.
17/09/09 22:40:35 INFO SparkEnv: Registering MapOutputTracker
17/09/09 22:40:35 INFO SparkEnv: Registering BlockManagerMaster
17/09/09 22:40:35 INFO BlockManagerMasterEndpoint: Using org.apache.spark.storage.DefaultTopologyMapper for getting topology information
17/09/09 22:40:35 INFO BlockManagerMasterEndpoint: BlockManagerMasterEndpoint up
17/09/09 22:40:35 INFO DiskBlockManager: Created local directory at C:\Users\kandhasamyr\AppData\Local\Temp\blockmgr-ce76b034-edd9-41f8-bb4d-44c817962d6f
17/09/09 22:40:36 INFO MemoryStore: MemoryStore started with capacity 1965.3 MB
17/09/09 22:40:36 INFO SparkEnv: Registering OutputCommitCoordinator
17/09/09 22:40:37 INFO Utils: Successfully started service &apos;SparkUI&apos; on port 4040.
17/09/09 22:40:37 INFO SparkUI: Bound SparkUI to 0.0.0.0, and started at http://10.0.75.1:4040
17/09/09 22:40:38 INFO Executor: Starting executor ID driver on host localhost
17/09/09 22:40:38 INFO Utils: Successfully started service &apos;org.apache.spark.network.netty.NettyBlockTransferService&apos; on port 50196.
17/09/09 22:40:38 INFO NettyBlockTransferService: Server created on 10.0.75.1:50196
17/09/09 22:40:38 INFO BlockManager: Using org.apache.spark.storage.RandomBlockReplicationPolicy for block replication policy
17/09/09 22:40:38 INFO BlockManagerMaster: Registering BlockManager BlockManagerId(driver, 10.0.75.1, 50196, None)
17/09/09 22:40:38 INFO BlockManagerMasterEndpoint: Registering block manager 10.0.75.1:50196 with 1965.3 MB RAM, BlockManagerId(driver, 10.0.75.1, 50196, None)
17/09/09 22:40:38 INFO BlockManagerMaster: Registered BlockManager BlockManagerId(driver, 10.0.75.1, 50196, None)
17/09/09 22:40:38 INFO BlockManager: Initialized BlockManager: BlockManagerId(driver, 10.0.75.1, 50196, None)
17/09/09 22:40:41 INFO MemoryStore: Block broadcast_0 stored as values in memory (estimated size 190.1 KB, free 1965.1 MB)
17/09/09 22:40:41 INFO MemoryStore: Block broadcast_0_piece0 stored as bytes in memory (estimated size 18.7 KB, free 1965.1 MB)
17/09/09 22:40:41 INFO BlockManagerInfo: Added broadcast_0_piece0 in memory on 10.0.75.1:50196 (size: 18.7 KB, free: 1965.3 MB)
17/09/09 22:40:41 INFO SparkContext: Created broadcast 0 from textFile at WordCountTask.java:54
</system-err>
  </testcase>
</testsuite>